<?xml version="1.0" encoding="UTF-8"?>
<!-- Generated by org.testng.reporters.JUnitXMLReporter -->
<testsuite ignored="0" hostname="DESKTOP-U61G2IH" failures="0" tests="4" name="Test" time="0.14" errors="0" timestamp="27 May 2023 13:49:39 GMT">
  <testcase classname="com.qa.automation.MavenTestCase2" name="m3" time="0.021"/>
  <testcase classname="com.qa.automation.MavenTestCase2" name="m4" time="0.004"/>
  <testcase classname="com.qa.automation.MavenTestCase1" name="m1" time="0.009"/>
  <testcase classname="com.qa.automation.MavenTestCase1" name="m2" time="0.015"/>
</testsuite> <!-- Test -->
