<?xml version="1.0" encoding="UTF-8"?>
<testng-results ignored="0" total="4" passed="4" failed="0" skipped="0">
  <reporter-output>
  </reporter-output>
  <suite started-at="2023-05-27T13:49:39Z" name="Suite" finished-at="2023-05-27T13:49:39Z" duration-ms="140">
    <groups>
    </groups>
    <test started-at="2023-05-27T13:49:39Z" name="Test" finished-at="2023-05-27T13:49:39Z" duration-ms="140">
      <class name="com.qa.automation.MavenTestCase2">
        <test-method signature="m3()[pri:0, instance:com.qa.automation.MavenTestCase2@6bbe85a8]" started-at="2023-05-27T13:49:39Z" name="m3" finished-at="2023-05-27T13:49:39Z" duration-ms="21" status="PASS">
          <reporter-output>
          </reporter-output>
        </test-method> <!-- m3 -->
        <test-method signature="m4()[pri:0, instance:com.qa.automation.MavenTestCase2@6bbe85a8]" started-at="2023-05-27T13:49:39Z" name="m4" finished-at="2023-05-27T13:49:39Z" duration-ms="4" status="PASS">
          <reporter-output>
          </reporter-output>
        </test-method> <!-- m4 -->
      </class> <!-- com.qa.automation.MavenTestCase2 -->
      <class name="com.qa.automation.MavenTestCase1">
        <test-method signature="m1()[pri:0, instance:com.qa.automation.MavenTestCase1@3a7442c7]" started-at="2023-05-27T13:49:39Z" name="m1" finished-at="2023-05-27T13:49:39Z" duration-ms="9" status="PASS">
          <reporter-output>
          </reporter-output>
        </test-method> <!-- m1 -->
        <test-method signature="m2()[pri:0, instance:com.qa.automation.MavenTestCase1@3a7442c7]" started-at="2023-05-27T13:49:39Z" name="m2" finished-at="2023-05-27T13:49:39Z" duration-ms="15" status="PASS">
          <reporter-output>
          </reporter-output>
        </test-method> <!-- m2 -->
      </class> <!-- com.qa.automation.MavenTestCase1 -->
    </test> <!-- Test -->
  </suite> <!-- Suite -->
</testng-results>
